Determining if the pthread_create exist failed with the following output:
Change Dir: /home/als/Documents/humble/build/CMakeFiles/CMakeTmp

Run Build Command:"/usr/bin/make" "cmTC_88cc4/fast"
/usr/bin/make -f CMakeFiles/cmTC_88cc4.dir/build.make CMakeFiles/cmTC_88cc4.dir/build
make[1]: Entering directory '/home/als/Documents/humble/build/CMakeFiles/CMakeTmp'
Building C object CMakeFiles/cmTC_88cc4.dir/CheckSymbolExists.c.o
/usr/bin/cc    -o CMakeFiles/cmTC_88cc4.dir/CheckSymbolExists.c.o   -c /home/als/Documents/humble/build/CMakeFiles/CMakeTmp/CheckSymbolExists.c
Linking C executable cmTC_88cc4
/usr/bin/cmake -E cmake_link_script CMakeFiles/cmTC_88cc4.dir/link.txt --verbose=1
/usr/bin/cc      -rdynamic CMakeFiles/cmTC_88cc4.dir/CheckSymbolExists.c.o  -o cmTC_88cc4 
CMakeFiles/cmTC_88cc4.dir/CheckSymbolExists.c.o: In function `main':
CheckSymbolExists.c:(.text+0x1b): undefined reference to `pthread_create'
collect2: error: ld returned 1 exit status
CMakeFiles/cmTC_88cc4.dir/build.make:97: recipe for target 'cmTC_88cc4' failed
make[1]: *** [cmTC_88cc4] Error 1
make[1]: Leaving directory '/home/als/Documents/humble/build/CMakeFiles/CMakeTmp'
Makefile:126: recipe for target 'cmTC_88cc4/fast' failed
make: *** [cmTC_88cc4/fast] Error 2

File /home/als/Documents/humble/build/CMakeFiles/CMakeTmp/CheckSymbolExists.c:
/* */
#include <pthread.h>

int main(int argc, char** argv)
{
  (void)argv;
#ifndef pthread_create
  return ((int*)(&pthread_create))[argc];
#else
  (void)argc;
  return 0;
#endif
}

Determining if the function pthread_create exists in the pthreads failed with the following output:
Change Dir: /home/als/Documents/humble/build/CMakeFiles/CMakeTmp

Run Build Command:"/usr/bin/make" "cmTC_ddcee/fast"
/usr/bin/make -f CMakeFiles/cmTC_ddcee.dir/build.make CMakeFiles/cmTC_ddcee.dir/build
make[1]: Entering directory '/home/als/Documents/humble/build/CMakeFiles/CMakeTmp'
Building C object CMakeFiles/cmTC_ddcee.dir/CheckFunctionExists.c.o
/usr/bin/cc   -DCHECK_FUNCTION_EXISTS=pthread_create   -o CMakeFiles/cmTC_ddcee.dir/CheckFunctionExists.c.o   -c /usr/share/cmake-3.10/Modules/CheckFunctionExists.c
Linking C executable cmTC_ddcee
/usr/bin/cmake -E cmake_link_script CMakeFiles/cmTC_ddcee.dir/link.txt --verbose=1
/usr/bin/cc  -DCHECK_FUNCTION_EXISTS=pthread_create    -rdynamic CMakeFiles/cmTC_ddcee.dir/CheckFunctionExists.c.o  -o cmTC_ddcee -lpthreads 
/usr/bin/ld: cannot find -lpthreads
collect2: error: ld returned 1 exit status
CMakeFiles/cmTC_ddcee.dir/build.make:97: recipe for target 'cmTC_ddcee' failed
make[1]: *** [cmTC_ddcee] Error 1
make[1]: Leaving directory '/home/als/Documents/humble/build/CMakeFiles/CMakeTmp'
Makefile:126: recipe for target 'cmTC_ddcee/fast' failed
make: *** [cmTC_ddcee/fast] Error 2


